<?xml version="1.0" encoding="UTF-8"?>
<testsuite xmlns:xsi="http://www.w3.org/2001/XMLSchema-instance" xsi:noNamespaceSchemaLocation="https://maven.apache.org/surefire/maven-surefire-plugin/xsd/surefire-test-report.xsd" name="com.ibm.cloud_garage.logging.inbound.ClientHttpResponseWrapperTest" time="0.178" tests="7" errors="0" skipped="0" failures="0">
  <properties>
    <property name="java.specification.version" value="13"/>
    <property name="sun.jnu.encoding" value="UTF-8"/>
    <property name="java.class.path" value="/Users/gkovan@us.ibm.com/Documents/GitHub/prod-ref-deployment/cloud-native-toolkit-gitorg/mq-spring-app/target/test-classes:/Users/gkovan@us.ibm.com/Documents/GitHub/prod-ref-deployment/cloud-native-toolkit-gitorg/mq-spring-app/target/classes:/Users/gkovan@us.ibm.com/.m2/repository/org/springframework/boot/spring-boot-starter-web/2.4.4/spring-boot-starter-web-2.4.4.jar:/Users/gkovan@us.ibm.com/.m2/repository/org/springframework/boot/spring-boot-starter/2.4.4/spring-boot-starter-2.4.4.jar:/Users/gkovan@us.ibm.com/.m2/repository/org/springframework/boot/spring-boot-starter-logging/2.4.4/spring-boot-starter-logging-2.4.4.jar:/Users/gkovan@us.ibm.com/.m2/repository/ch/qos/logback/logback-classic/1.2.3/logback-classic-1.2.3.jar:/Users/gkovan@us.ibm.com/.m2/repository/ch/qos/logback/logback-core/1.2.3/logback-core-1.2.3.jar:/Users/gkovan@us.ibm.com/.m2/repository/org/apache/logging/log4j/log4j-to-slf4j/2.13.3/log4j-to-slf4j-2.13.3.jar:/Users/gkovan@us.ibm.com/.m2/repository/org/apache/logging/log4j/log4j-api/2.13.3/log4j-api-2.13.3.jar:/Users/gkovan@us.ibm.com/.m2/repository/org/slf4j/jul-to-slf4j/1.7.30/jul-to-slf4j-1.7.30.jar:/Users/gkovan@us.ibm.com/.m2/repository/jakarta/annotation/jakarta.annotation-api/1.3.5/jakarta.annotation-api-1.3.5.jar:/Users/gkovan@us.ibm.com/.m2/repository/org/yaml/snakeyaml/1.27/snakeyaml-1.27.jar:/Users/gkovan@us.ibm.com/.m2/repository/org/springframework/boot/spring-boot-starter-json/2.4.4/spring-boot-starter-json-2.4.4.jar:/Users/gkovan@us.ibm.com/.m2/repository/com/fasterxml/jackson/datatype/jackson-datatype-jdk8/2.11.4/jackson-datatype-jdk8-2.11.4.jar:/Users/gkovan@us.ibm.com/.m2/repository/com/fasterxml/jackson/datatype/jackson-datatype-jsr310/2.11.4/jackson-datatype-jsr310-2.11.4.jar:/Users/gkovan@us.ibm.com/.m2/repository/com/fasterxml/jackson/module/jackson-module-parameter-names/2.11.4/jackson-module-parameter-names-2.11.4.jar:/Users/gkovan@us.ibm.com/.m2/repository/org/springframework/boot/spring-boot-starter-tomcat/2.4.4/spring-boot-starter-tomcat-2.4.4.jar:/Users/gkovan@us.ibm.com/.m2/repository/org/apache/tomcat/embed/tomcat-embed-core/9.0.44/tomcat-embed-core-9.0.44.jar:/Users/gkovan@us.ibm.com/.m2/repository/org/glassfish/jakarta.el/3.0.3/jakarta.el-3.0.3.jar:/Users/gkovan@us.ibm.com/.m2/repository/org/apache/tomcat/embed/tomcat-embed-websocket/9.0.44/tomcat-embed-websocket-9.0.44.jar:/Users/gkovan@us.ibm.com/.m2/repository/org/springframework/spring-web/5.3.5/spring-web-5.3.5.jar:/Users/gkovan@us.ibm.com/.m2/repository/org/springframework/spring-webmvc/5.3.5/spring-webmvc-5.3.5.jar:/Users/gkovan@us.ibm.com/.m2/repository/org/springframework/spring-aop/5.3.5/spring-aop-5.3.5.jar:/Users/gkovan@us.ibm.com/.m2/repository/org/springframework/spring-expression/5.3.5/spring-expression-5.3.5.jar:/Users/gkovan@us.ibm.com/.m2/repository/org/springframework/boot/spring-boot-starter-actuator/2.4.4/spring-boot-starter-actuator-2.4.4.jar:/Users/gkovan@us.ibm.com/.m2/repository/org/springframework/boot/spring-boot-actuator-autoconfigure/2.4.4/spring-boot-actuator-autoconfigure-2.4.4.jar:/Users/gkovan@us.ibm.com/.m2/repository/org/springframework/boot/spring-boot-actuator/2.4.4/spring-boot-actuator-2.4.4.jar:/Users/gkovan@us.ibm.com/.m2/repository/io/micrometer/micrometer-core/1.6.5/micrometer-core-1.6.5.jar:/Users/gkovan@us.ibm.com/.m2/repository/org/hdrhistogram/HdrHistogram/2.1.12/HdrHistogram-2.1.12.jar:/Users/gkovan@us.ibm.com/.m2/repository/org/latencyutils/LatencyUtils/2.0.3/LatencyUtils-2.0.3.jar:/Users/gkovan@us.ibm.com/.m2/repository/com/fasterxml/jackson/core/jackson-databind/2.11.4/jackson-databind-2.11.4.jar:/Users/gkovan@us.ibm.com/.m2/repository/com/fasterxml/jackson/core/jackson-annotations/2.11.4/jackson-annotations-2.11.4.jar:/Users/gkovan@us.ibm.com/.m2/repository/com/fasterxml/jackson/core/jackson-core/2.11.4/jackson-core-2.11.4.jar:/Users/gkovan@us.ibm.com/.m2/repository/com/ibm/mq/mq-jms-spring-boot-starter/2.4.3/mq-jms-spring-boot-starter-2.4.3.jar:/Users/gkovan@us.ibm.com/.m2/repository/com/ibm/mq/com.ibm.mq.allclient/9.2.1.0/com.ibm.mq.allclient-9.2.1.0.jar:/Users/gkovan@us.ibm.com/.m2/repository/org/bouncycastle/bcprov-jdk15on/1.66/bcprov-jdk15on-1.66.jar:/Users/gkovan@us.ibm.com/.m2/repository/org/bouncycastle/bcpkix-jdk15on/1.66/bcpkix-jdk15on-1.66.jar:/Users/gkovan@us.ibm.com/.m2/repository/javax/jms/javax.jms-api/2.0.1/javax.jms-api-2.0.1.jar:/Users/gkovan@us.ibm.com/.m2/repository/org/json/json/20080701/json-20080701.jar:/Users/gkovan@us.ibm.com/.m2/repository/org/springframework/spring-core/5.3.5/spring-core-5.3.5.jar:/Users/gkovan@us.ibm.com/.m2/repository/org/springframework/spring-jcl/5.3.5/spring-jcl-5.3.5.jar:/Users/gkovan@us.ibm.com/.m2/repository/org/springframework/spring-context/5.3.5/spring-context-5.3.5.jar:/Users/gkovan@us.ibm.com/.m2/repository/org/springframework/spring-beans/5.3.5/spring-beans-5.3.5.jar:/Users/gkovan@us.ibm.com/.m2/repository/org/springframework/spring-jms/5.3.5/spring-jms-5.3.5.jar:/Users/gkovan@us.ibm.com/.m2/repository/org/springframework/spring-messaging/5.3.5/spring-messaging-5.3.5.jar:/Users/gkovan@us.ibm.com/.m2/repository/org/springframework/spring-tx/5.3.5/spring-tx-5.3.5.jar:/Users/gkovan@us.ibm.com/.m2/repository/org/messaginghub/pooled-jms/1.2.1/pooled-jms-1.2.1.jar:/Users/gkovan@us.ibm.com/.m2/repository/org/apache/geronimo/specs/geronimo-jms_2.0_spec/1.0-alpha-2/geronimo-jms_2.0_spec-1.0-alpha-2.jar:/Users/gkovan@us.ibm.com/.m2/repository/org/apache/commons/commons-pool2/2.9.0/commons-pool2-2.9.0.jar:/Users/gkovan@us.ibm.com/.m2/repository/org/springframework/boot/spring-boot/2.4.4/spring-boot-2.4.4.jar:/Users/gkovan@us.ibm.com/.m2/repository/org/springframework/boot/spring-boot-autoconfigure/2.4.4/spring-boot-autoconfigure-2.4.4.jar:/Users/gkovan@us.ibm.com/.m2/repository/io/springfox/springfox-swagger2/2.9.2/springfox-swagger2-2.9.2.jar:/Users/gkovan@us.ibm.com/.m2/repository/io/swagger/swagger-annotations/1.5.20/swagger-annotations-1.5.20.jar:/Users/gkovan@us.ibm.com/.m2/repository/io/swagger/swagger-models/1.5.20/swagger-models-1.5.20.jar:/Users/gkovan@us.ibm.com/.m2/repository/io/springfox/springfox-spi/2.9.2/springfox-spi-2.9.2.jar:/Users/gkovan@us.ibm.com/.m2/repository/io/springfox/springfox-core/2.9.2/springfox-core-2.9.2.jar:/Users/gkovan@us.ibm.com/.m2/repository/io/springfox/springfox-schema/2.9.2/springfox-schema-2.9.2.jar:/Users/gkovan@us.ibm.com/.m2/repository/io/springfox/springfox-swagger-common/2.9.2/springfox-swagger-common-2.9.2.jar:/Users/gkovan@us.ibm.com/.m2/repository/io/springfox/springfox-spring-web/2.9.2/springfox-spring-web-2.9.2.jar:/Users/gkovan@us.ibm.com/.m2/repository/com/google/guava/guava/20.0/guava-20.0.jar:/Users/gkovan@us.ibm.com/.m2/repository/com/fasterxml/classmate/1.5.1/classmate-1.5.1.jar:/Users/gkovan@us.ibm.com/.m2/repository/org/slf4j/slf4j-api/1.7.30/slf4j-api-1.7.30.jar:/Users/gkovan@us.ibm.com/.m2/repository/org/springframework/plugin/spring-plugin-core/1.2.0.RELEASE/spring-plugin-core-1.2.0.RELEASE.jar:/Users/gkovan@us.ibm.com/.m2/repository/org/springframework/plugin/spring-plugin-metadata/1.2.0.RELEASE/spring-plugin-metadata-1.2.0.RELEASE.jar:/Users/gkovan@us.ibm.com/.m2/repository/org/mapstruct/mapstruct/1.2.0.Final/mapstruct-1.2.0.Final.jar:/Users/gkovan@us.ibm.com/.m2/repository/io/springfox/springfox-swagger-ui/2.9.2/springfox-swagger-ui-2.9.2.jar:/Users/gkovan@us.ibm.com/.m2/repository/io/opentracing/opentracing-api/0.33.0/opentracing-api-0.33.0.jar:/Users/gkovan@us.ibm.com/.m2/repository/io/opentracing/contrib/opentracing-spring-cloud-starter/0.5.4/opentracing-spring-cloud-starter-0.5.4.jar:/Users/gkovan@us.ibm.com/.m2/repository/io/opentracing/contrib/opentracing-spring-cloud-core/0.5.4/opentracing-spring-cloud-core-0.5.4.jar:/Users/gkovan@us.ibm.com/.m2/repository/io/opentracing/contrib/opentracing-spring-tracer-configuration-starter/0.3.1/opentracing-spring-tracer-configuration-starter-0.3.1.jar:/Users/gkovan@us.ibm.com/.m2/repository/io/opentracing/opentracing-noop/0.33.0/opentracing-noop-0.33.0.jar:/Users/gkovan@us.ibm.com/.m2/repository/org/springframework/boot/spring-boot-starter-aop/2.4.4/spring-boot-starter-aop-2.4.4.jar:/Users/gkovan@us.ibm.com/.m2/repository/org/aspectj/aspectjweaver/1.9.6/aspectjweaver-1.9.6.jar:/Users/gkovan@us.ibm.com/.m2/repository/io/opentracing/contrib/opentracing-concurrent/0.4.0/opentracing-concurrent-0.4.0.jar:/Users/gkovan@us.ibm.com/.m2/repository/io/opentracing/contrib/opentracing-spring-web-starter/3.0.1/opentracing-spring-web-starter-3.0.1.jar:/Users/gkovan@us.ibm.com/.m2/repository/io/opentracing/contrib/opentracing-spring-web/3.0.1/opentracing-spring-web-3.0.1.jar:/Users/gkovan@us.ibm.com/.m2/repository/io/opentracing/contrib/opentracing-web-servlet-filter/0.4.0/opentracing-web-servlet-filter-0.4.0.jar:/Users/gkovan@us.ibm.com/.m2/repository/io/opentracing/contrib/opentracing-tracerresolver/0.1.8/opentracing-tracerresolver-0.1.8.jar:/Users/gkovan@us.ibm.com/.m2/repository/io/opentracing/contrib/opentracing-spring-messaging-starter/1.0.0/opentracing-spring-messaging-starter-1.0.0.jar:/Users/gkovan@us.ibm.com/.m2/repository/io/opentracing/contrib/opentracing-spring-messaging/1.0.0/opentracing-spring-messaging-1.0.0.jar:/Users/gkovan@us.ibm.com/.m2/repository/io/opentracing/contrib/opentracing-spring-rabbitmq-starter/3.0.0/opentracing-spring-rabbitmq-starter-3.0.0.jar:/Users/gkovan@us.ibm.com/.m2/repository/io/opentracing/contrib/opentracing-spring-rabbitmq/3.0.0/opentracing-spring-rabbitmq-3.0.0.jar:/Users/gkovan@us.ibm.com/.m2/repository/io/opentracing/contrib/opentracing-spring-cloud-jdbc-starter/0.5.4/opentracing-spring-cloud-jdbc-starter-0.5.4.jar:/Users/gkovan@us.ibm.com/.m2/repository/io/opentracing/contrib/opentracing-jdbc/0.2.8/opentracing-jdbc-0.2.8.jar:/Users/gkovan@us.ibm.com/.m2/repository/io/opentracing/contrib/common/0.1.4/common-0.1.4.jar:/Users/gkovan@us.ibm.com/.m2/repository/io/opentracing/contrib/opentracing-spring-cloud-jms-starter/0.5.4/opentracing-spring-cloud-jms-starter-0.5.4.jar:/Users/gkovan@us.ibm.com/.m2/repository/io/opentracing/contrib/opentracing-jms-spring/0.1.7/opentracing-jms-spring-0.1.7.jar:/Users/gkovan@us.ibm.com/.m2/repository/io/opentracing/contrib/opentracing-jms-2/0.1.7/opentracing-jms-2-0.1.7.jar:/Users/gkovan@us.ibm.com/.m2/repository/io/opentracing/contrib/opentracing-jms-common/0.1.7/opentracing-jms-common-0.1.7.jar:/Users/gkovan@us.ibm.com/.m2/repository/io/opentracing/contrib/opentracing-spring-cloud-kafka-starter/0.5.4/opentracing-spring-cloud-kafka-starter-0.5.4.jar:/Users/gkovan@us.ibm.com/.m2/repository/io/opentracing/contrib/opentracing-kafka-spring/0.1.12/opentracing-kafka-spring-0.1.12.jar:/Users/gkovan@us.ibm.com/.m2/repository/io/opentracing/contrib/opentracing-kafka-client/0.1.12/opentracing-kafka-client-0.1.12.jar:/Users/gkovan@us.ibm.com/.m2/repository/io/opentracing/contrib/opentracing-spring-cloud-feign-starter/0.5.4/opentracing-spring-cloud-feign-starter-0.5.4.jar:/Users/gkovan@us.ibm.com/.m2/repository/io/github/openfeign/opentracing/feign-opentracing/0.4.0/feign-opentracing-0.4.0.jar:/Users/gkovan@us.ibm.com/.m2/repository/io/github/openfeign/opentracing/feign-hystrix-opentracing/0.4.0/feign-hystrix-opentracing-0.4.0.jar:/Users/gkovan@us.ibm.com/.m2/repository/io/opentracing/contrib/opentracing-spring-cloud-hystrix-starter/0.5.4/opentracing-spring-cloud-hystrix-starter-0.5.4.jar:/Users/gkovan@us.ibm.com/.m2/repository/io/opentracing/contrib/opentracing-spring-cloud-reactor-starter/0.5.4/opentracing-spring-cloud-reactor-starter-0.5.4.jar:/Users/gkovan@us.ibm.com/.m2/repository/io/opentracing/contrib/opentracing-reactor/0.1.2/opentracing-reactor-0.1.2.jar:/Users/gkovan@us.ibm.com/.m2/repository/io/opentracing/contrib/opentracing-spring-cloud-rxjava-starter/0.5.4/opentracing-spring-cloud-rxjava-starter-0.5.4.jar:/Users/gkovan@us.ibm.com/.m2/repository/io/opentracing/contrib/opentracing-rxjava-1/0.1.3/opentracing-rxjava-1-0.1.3.jar:/Users/gkovan@us.ibm.com/.m2/repository/io/opentracing/contrib/opentracing-spring-cloud-redis-starter/0.5.4/opentracing-spring-cloud-redis-starter-0.5.4.jar:/Users/gkovan@us.ibm.com/.m2/repository/io/opentracing/contrib/opentracing-redis-spring-data2/0.1.14/opentracing-redis-spring-data2-0.1.14.jar:/Users/gkovan@us.ibm.com/.m2/repository/io/opentracing/contrib/opentracing-redis-common/0.1.14/opentracing-redis-common-0.1.14.jar:/Users/gkovan@us.ibm.com/.m2/repository/io/opentracing/contrib/opentracing-spring-cloud-mongo-starter/0.5.4/opentracing-spring-cloud-mongo-starter-0.5.4.jar:/Users/gkovan@us.ibm.com/.m2/repository/io/opentracing/contrib/opentracing-mongo-driver/0.1.5/opentracing-mongo-driver-0.1.5.jar:/Users/gkovan@us.ibm.com/.m2/repository/io/opentracing/contrib/opentracing-mongo-common/0.1.5/opentracing-mongo-common-0.1.5.jar:/Users/gkovan@us.ibm.com/.m2/repository/io/opentracing/contrib/opentracing-spring-cloud-websocket-starter/0.5.4/opentracing-spring-cloud-websocket-starter-0.5.4.jar:/Users/gkovan@us.ibm.com/.m2/repository/io/opentracing/contrib/opentracing-spring-cloud-zuul-starter/0.5.4/opentracing-spring-cloud-zuul-starter-0.5.4.jar:/Users/gkovan@us.ibm.com/.m2/repository/io/opentracing/contrib/opentracing-spring-cloud-gateway-starter/0.5.4/opentracing-spring-cloud-gateway-starter-0.5.4.jar:/Users/gkovan@us.ibm.com/.m2/repository/io/jaegertracing/jaeger-client/1.2.0/jaeger-client-1.2.0.jar:/Users/gkovan@us.ibm.com/.m2/repository/io/jaegertracing/jaeger-thrift/1.2.0/jaeger-thrift-1.2.0.jar:/Users/gkovan@us.ibm.com/.m2/repository/org/apache/thrift/libthrift/0.13.0/libthrift-0.13.0.jar:/Users/gkovan@us.ibm.com/.m2/repository/javax/annotation/javax.annotation-api/1.3.2/javax.annotation-api-1.3.2.jar:/Users/gkovan@us.ibm.com/.m2/repository/com/squareup/okhttp3/okhttp/3.14.9/okhttp-3.14.9.jar:/Users/gkovan@us.ibm.com/.m2/repository/com/squareup/okio/okio/1.17.2/okio-1.17.2.jar:/Users/gkovan@us.ibm.com/.m2/repository/io/jaegertracing/jaeger-core/1.2.0/jaeger-core-1.2.0.jar:/Users/gkovan@us.ibm.com/.m2/repository/io/opentracing/opentracing-util/0.33.0/opentracing-util-0.33.0.jar:/Users/gkovan@us.ibm.com/.m2/repository/com/google/code/gson/gson/2.8.6/gson-2.8.6.jar:/Users/gkovan@us.ibm.com/.m2/repository/io/jaegertracing/jaeger-tracerresolver/1.2.0/jaeger-tracerresolver-1.2.0.jar:/Users/gkovan@us.ibm.com/.m2/repository/org/springframework/boot/spring-boot-devtools/2.4.4/spring-boot-devtools-2.4.4.jar:/Users/gkovan@us.ibm.com/.m2/repository/org/springframework/boot/spring-boot-starter-test/2.4.4/spring-boot-starter-test-2.4.4.jar:/Users/gkovan@us.ibm.com/.m2/repository/org/springframework/boot/spring-boot-test/2.4.4/spring-boot-test-2.4.4.jar:/Users/gkovan@us.ibm.com/.m2/repository/org/springframework/boot/spring-boot-test-autoconfigure/2.4.4/spring-boot-test-autoconfigure-2.4.4.jar:/Users/gkovan@us.ibm.com/.m2/repository/com/jayway/jsonpath/json-path/2.4.0/json-path-2.4.0.jar:/Users/gkovan@us.ibm.com/.m2/repository/net/minidev/json-smart/2.3/json-smart-2.3.jar:/Users/gkovan@us.ibm.com/.m2/repository/net/minidev/accessors-smart/1.2/accessors-smart-1.2.jar:/Users/gkovan@us.ibm.com/.m2/repository/org/ow2/asm/asm/5.0.4/asm-5.0.4.jar:/Users/gkovan@us.ibm.com/.m2/repository/jakarta/xml/bind/jakarta.xml.bind-api/2.3.3/jakarta.xml.bind-api-2.3.3.jar:/Users/gkovan@us.ibm.com/.m2/repository/jakarta/activation/jakarta.activation-api/1.2.2/jakarta.activation-api-1.2.2.jar:/Users/gkovan@us.ibm.com/.m2/repository/org/assertj/assertj-core/3.18.1/assertj-core-3.18.1.jar:/Users/gkovan@us.ibm.com/.m2/repository/org/hamcrest/hamcrest/2.2/hamcrest-2.2.jar:/Users/gkovan@us.ibm.com/.m2/repository/org/junit/jupiter/junit-jupiter/5.7.1/junit-jupiter-5.7.1.jar:/Users/gkovan@us.ibm.com/.m2/repository/org/junit/jupiter/junit-jupiter-api/5.7.1/junit-jupiter-api-5.7.1.jar:/Users/gkovan@us.ibm.com/.m2/repository/org/apiguardian/apiguardian-api/1.1.0/apiguardian-api-1.1.0.jar:/Users/gkovan@us.ibm.com/.m2/repository/org/opentest4j/opentest4j/1.2.0/opentest4j-1.2.0.jar:/Users/gkovan@us.ibm.com/.m2/repository/org/junit/platform/junit-platform-commons/1.7.1/junit-platform-commons-1.7.1.jar:/Users/gkovan@us.ibm.com/.m2/repository/org/junit/jupiter/junit-jupiter-params/5.7.1/junit-jupiter-params-5.7.1.jar:/Users/gkovan@us.ibm.com/.m2/repository/org/junit/jupiter/junit-jupiter-engine/5.7.1/junit-jupiter-engine-5.7.1.jar:/Users/gkovan@us.ibm.com/.m2/repository/org/junit/platform/junit-platform-engine/1.7.1/junit-platform-engine-1.7.1.jar:/Users/gkovan@us.ibm.com/.m2/repository/org/mockito/mockito-core/3.6.28/mockito-core-3.6.28.jar:/Users/gkovan@us.ibm.com/.m2/repository/net/bytebuddy/byte-buddy/1.10.22/byte-buddy-1.10.22.jar:/Users/gkovan@us.ibm.com/.m2/repository/net/bytebuddy/byte-buddy-agent/1.10.22/byte-buddy-agent-1.10.22.jar:/Users/gkovan@us.ibm.com/.m2/repository/org/objenesis/objenesis/3.1/objenesis-3.1.jar:/Users/gkovan@us.ibm.com/.m2/repository/org/mockito/mockito-junit-jupiter/3.6.28/mockito-junit-jupiter-3.6.28.jar:/Users/gkovan@us.ibm.com/.m2/repository/org/skyscreamer/jsonassert/1.5.0/jsonassert-1.5.0.jar:/Users/gkovan@us.ibm.com/.m2/repository/com/vaadin/external/google/android-json/0.0.20131108.vaadin1/android-json-0.0.20131108.vaadin1.jar:/Users/gkovan@us.ibm.com/.m2/repository/org/springframework/spring-test/5.3.5/spring-test-5.3.5.jar:/Users/gkovan@us.ibm.com/.m2/repository/org/xmlunit/xmlunit-core/2.7.0/xmlunit-core-2.7.0.jar:/Users/gkovan@us.ibm.com/.m2/repository/org/powermock/powermock-api-mockito2/2.0.2/powermock-api-mockito2-2.0.2.jar:/Users/gkovan@us.ibm.com/.m2/repository/org/powermock/powermock-api-support/2.0.2/powermock-api-support-2.0.2.jar:/Users/gkovan@us.ibm.com/.m2/repository/org/powermock/powermock-reflect/2.0.2/powermock-reflect-2.0.2.jar:/Users/gkovan@us.ibm.com/.m2/repository/org/powermock/powermock-core/2.0.2/powermock-core-2.0.2.jar:/Users/gkovan@us.ibm.com/.m2/repository/org/javassist/javassist/3.24.0-GA/javassist-3.24.0-GA.jar:"/>
    <property name="java.vm.vendor" value="Oracle Corporation"/>
    <property name="sun.arch.data.model" value="64"/>
    <property name="java.vendor.url" value="https://java.oracle.com/"/>
    <property name="os.name" value="Mac OS X"/>
    <property name="java.vm.specification.version" value="13"/>
    <property name="sun.java.launcher" value="SUN_STANDARD"/>
    <property name="user.country" value="US"/>
    <property name="sun.boot.library.path" value="/Library/Java/JavaVirtualMachines/openjdk-13.0.2.jdk/Contents/Home/lib"/>
    <property name="sun.java.command" value="/Users/gkovan@us.ibm.com/Documents/GitHub/prod-ref-deployment/cloud-native-toolkit-gitorg/mq-spring-app/target/surefire/surefirebooter1805210645258131176.jar /Users/gkovan@us.ibm.com/Documents/GitHub/prod-ref-deployment/cloud-native-toolkit-gitorg/mq-spring-app/target/surefire 2021-05-20T11-49-35_484-jvmRun1 surefire1284412387878397457tmp surefire_06974970361209552288tmp"/>
    <property name="jdk.debug" value="release"/>
    <property name="surefire.test.class.path" value="/Users/gkovan@us.ibm.com/Documents/GitHub/prod-ref-deployment/cloud-native-toolkit-gitorg/mq-spring-app/target/test-classes:/Users/gkovan@us.ibm.com/Documents/GitHub/prod-ref-deployment/cloud-native-toolkit-gitorg/mq-spring-app/target/classes:/Users/gkovan@us.ibm.com/.m2/repository/org/springframework/boot/spring-boot-starter-web/2.4.4/spring-boot-starter-web-2.4.4.jar:/Users/gkovan@us.ibm.com/.m2/repository/org/springframework/boot/spring-boot-starter/2.4.4/spring-boot-starter-2.4.4.jar:/Users/gkovan@us.ibm.com/.m2/repository/org/springframework/boot/spring-boot-starter-logging/2.4.4/spring-boot-starter-logging-2.4.4.jar:/Users/gkovan@us.ibm.com/.m2/repository/ch/qos/logback/logback-classic/1.2.3/logback-classic-1.2.3.jar:/Users/gkovan@us.ibm.com/.m2/repository/ch/qos/logback/logback-core/1.2.3/logback-core-1.2.3.jar:/Users/gkovan@us.ibm.com/.m2/repository/org/apache/logging/log4j/log4j-to-slf4j/2.13.3/log4j-to-slf4j-2.13.3.jar:/Users/gkovan@us.ibm.com/.m2/repository/org/apache/logging/log4j/log4j-api/2.13.3/log4j-api-2.13.3.jar:/Users/gkovan@us.ibm.com/.m2/repository/org/slf4j/jul-to-slf4j/1.7.30/jul-to-slf4j-1.7.30.jar:/Users/gkovan@us.ibm.com/.m2/repository/jakarta/annotation/jakarta.annotation-api/1.3.5/jakarta.annotation-api-1.3.5.jar:/Users/gkovan@us.ibm.com/.m2/repository/org/yaml/snakeyaml/1.27/snakeyaml-1.27.jar:/Users/gkovan@us.ibm.com/.m2/repository/org/springframework/boot/spring-boot-starter-json/2.4.4/spring-boot-starter-json-2.4.4.jar:/Users/gkovan@us.ibm.com/.m2/repository/com/fasterxml/jackson/datatype/jackson-datatype-jdk8/2.11.4/jackson-datatype-jdk8-2.11.4.jar:/Users/gkovan@us.ibm.com/.m2/repository/com/fasterxml/jackson/datatype/jackson-datatype-jsr310/2.11.4/jackson-datatype-jsr310-2.11.4.jar:/Users/gkovan@us.ibm.com/.m2/repository/com/fasterxml/jackson/module/jackson-module-parameter-names/2.11.4/jackson-module-parameter-names-2.11.4.jar:/Users/gkovan@us.ibm.com/.m2/repository/org/springframework/boot/spring-boot-starter-tomcat/2.4.4/spring-boot-starter-tomcat-2.4.4.jar:/Users/gkovan@us.ibm.com/.m2/repository/org/apache/tomcat/embed/tomcat-embed-core/9.0.44/tomcat-embed-core-9.0.44.jar:/Users/gkovan@us.ibm.com/.m2/repository/org/glassfish/jakarta.el/3.0.3/jakarta.el-3.0.3.jar:/Users/gkovan@us.ibm.com/.m2/repository/org/apache/tomcat/embed/tomcat-embed-websocket/9.0.44/tomcat-embed-websocket-9.0.44.jar:/Users/gkovan@us.ibm.com/.m2/repository/org/springframework/spring-web/5.3.5/spring-web-5.3.5.jar:/Users/gkovan@us.ibm.com/.m2/repository/org/springframework/spring-webmvc/5.3.5/spring-webmvc-5.3.5.jar:/Users/gkovan@us.ibm.com/.m2/repository/org/springframework/spring-aop/5.3.5/spring-aop-5.3.5.jar:/Users/gkovan@us.ibm.com/.m2/repository/org/springframework/spring-expression/5.3.5/spring-expression-5.3.5.jar:/Users/gkovan@us.ibm.com/.m2/repository/org/springframework/boot/spring-boot-starter-actuator/2.4.4/spring-boot-starter-actuator-2.4.4.jar:/Users/gkovan@us.ibm.com/.m2/repository/org/springframework/boot/spring-boot-actuator-autoconfigure/2.4.4/spring-boot-actuator-autoconfigure-2.4.4.jar:/Users/gkovan@us.ibm.com/.m2/repository/org/springframework/boot/spring-boot-actuator/2.4.4/spring-boot-actuator-2.4.4.jar:/Users/gkovan@us.ibm.com/.m2/repository/io/micrometer/micrometer-core/1.6.5/micrometer-core-1.6.5.jar:/Users/gkovan@us.ibm.com/.m2/repository/org/hdrhistogram/HdrHistogram/2.1.12/HdrHistogram-2.1.12.jar:/Users/gkovan@us.ibm.com/.m2/repository/org/latencyutils/LatencyUtils/2.0.3/LatencyUtils-2.0.3.jar:/Users/gkovan@us.ibm.com/.m2/repository/com/fasterxml/jackson/core/jackson-databind/2.11.4/jackson-databind-2.11.4.jar:/Users/gkovan@us.ibm.com/.m2/repository/com/fasterxml/jackson/core/jackson-annotations/2.11.4/jackson-annotations-2.11.4.jar:/Users/gkovan@us.ibm.com/.m2/repository/com/fasterxml/jackson/core/jackson-core/2.11.4/jackson-core-2.11.4.jar:/Users/gkovan@us.ibm.com/.m2/repository/com/ibm/mq/mq-jms-spring-boot-starter/2.4.3/mq-jms-spring-boot-starter-2.4.3.jar:/Users/gkovan@us.ibm.com/.m2/repository/com/ibm/mq/com.ibm.mq.allclient/9.2.1.0/com.ibm.mq.allclient-9.2.1.0.jar:/Users/gkovan@us.ibm.com/.m2/repository/org/bouncycastle/bcprov-jdk15on/1.66/bcprov-jdk15on-1.66.jar:/Users/gkovan@us.ibm.com/.m2/repository/org/bouncycastle/bcpkix-jdk15on/1.66/bcpkix-jdk15on-1.66.jar:/Users/gkovan@us.ibm.com/.m2/repository/javax/jms/javax.jms-api/2.0.1/javax.jms-api-2.0.1.jar:/Users/gkovan@us.ibm.com/.m2/repository/org/json/json/20080701/json-20080701.jar:/Users/gkovan@us.ibm.com/.m2/repository/org/springframework/spring-core/5.3.5/spring-core-5.3.5.jar:/Users/gkovan@us.ibm.com/.m2/repository/org/springframework/spring-jcl/5.3.5/spring-jcl-5.3.5.jar:/Users/gkovan@us.ibm.com/.m2/repository/org/springframework/spring-context/5.3.5/spring-context-5.3.5.jar:/Users/gkovan@us.ibm.com/.m2/repository/org/springframework/spring-beans/5.3.5/spring-beans-5.3.5.jar:/Users/gkovan@us.ibm.com/.m2/repository/org/springframework/spring-jms/5.3.5/spring-jms-5.3.5.jar:/Users/gkovan@us.ibm.com/.m2/repository/org/springframework/spring-messaging/5.3.5/spring-messaging-5.3.5.jar:/Users/gkovan@us.ibm.com/.m2/repository/org/springframework/spring-tx/5.3.5/spring-tx-5.3.5.jar:/Users/gkovan@us.ibm.com/.m2/repository/org/messaginghub/pooled-jms/1.2.1/pooled-jms-1.2.1.jar:/Users/gkovan@us.ibm.com/.m2/repository/org/apache/geronimo/specs/geronimo-jms_2.0_spec/1.0-alpha-2/geronimo-jms_2.0_spec-1.0-alpha-2.jar:/Users/gkovan@us.ibm.com/.m2/repository/org/apache/commons/commons-pool2/2.9.0/commons-pool2-2.9.0.jar:/Users/gkovan@us.ibm.com/.m2/repository/org/springframework/boot/spring-boot/2.4.4/spring-boot-2.4.4.jar:/Users/gkovan@us.ibm.com/.m2/repository/org/springframework/boot/spring-boot-autoconfigure/2.4.4/spring-boot-autoconfigure-2.4.4.jar:/Users/gkovan@us.ibm.com/.m2/repository/io/springfox/springfox-swagger2/2.9.2/springfox-swagger2-2.9.2.jar:/Users/gkovan@us.ibm.com/.m2/repository/io/swagger/swagger-annotations/1.5.20/swagger-annotations-1.5.20.jar:/Users/gkovan@us.ibm.com/.m2/repository/io/swagger/swagger-models/1.5.20/swagger-models-1.5.20.jar:/Users/gkovan@us.ibm.com/.m2/repository/io/springfox/springfox-spi/2.9.2/springfox-spi-2.9.2.jar:/Users/gkovan@us.ibm.com/.m2/repository/io/springfox/springfox-core/2.9.2/springfox-core-2.9.2.jar:/Users/gkovan@us.ibm.com/.m2/repository/io/springfox/springfox-schema/2.9.2/springfox-schema-2.9.2.jar:/Users/gkovan@us.ibm.com/.m2/repository/io/springfox/springfox-swagger-common/2.9.2/springfox-swagger-common-2.9.2.jar:/Users/gkovan@us.ibm.com/.m2/repository/io/springfox/springfox-spring-web/2.9.2/springfox-spring-web-2.9.2.jar:/Users/gkovan@us.ibm.com/.m2/repository/com/google/guava/guava/20.0/guava-20.0.jar:/Users/gkovan@us.ibm.com/.m2/repository/com/fasterxml/classmate/1.5.1/classmate-1.5.1.jar:/Users/gkovan@us.ibm.com/.m2/repository/org/slf4j/slf4j-api/1.7.30/slf4j-api-1.7.30.jar:/Users/gkovan@us.ibm.com/.m2/repository/org/springframework/plugin/spring-plugin-core/1.2.0.RELEASE/spring-plugin-core-1.2.0.RELEASE.jar:/Users/gkovan@us.ibm.com/.m2/repository/org/springframework/plugin/spring-plugin-metadata/1.2.0.RELEASE/spring-plugin-metadata-1.2.0.RELEASE.jar:/Users/gkovan@us.ibm.com/.m2/repository/org/mapstruct/mapstruct/1.2.0.Final/mapstruct-1.2.0.Final.jar:/Users/gkovan@us.ibm.com/.m2/repository/io/springfox/springfox-swagger-ui/2.9.2/springfox-swagger-ui-2.9.2.jar:/Users/gkovan@us.ibm.com/.m2/repository/io/opentracing/opentracing-api/0.33.0/opentracing-api-0.33.0.jar:/Users/gkovan@us.ibm.com/.m2/repository/io/opentracing/contrib/opentracing-spring-cloud-starter/0.5.4/opentracing-spring-cloud-starter-0.5.4.jar:/Users/gkovan@us.ibm.com/.m2/repository/io/opentracing/contrib/opentracing-spring-cloud-core/0.5.4/opentracing-spring-cloud-core-0.5.4.jar:/Users/gkovan@us.ibm.com/.m2/repository/io/opentracing/contrib/opentracing-spring-tracer-configuration-starter/0.3.1/opentracing-spring-tracer-configuration-starter-0.3.1.jar:/Users/gkovan@us.ibm.com/.m2/repository/io/opentracing/opentracing-noop/0.33.0/opentracing-noop-0.33.0.jar:/Users/gkovan@us.ibm.com/.m2/repository/org/springframework/boot/spring-boot-starter-aop/2.4.4/spring-boot-starter-aop-2.4.4.jar:/Users/gkovan@us.ibm.com/.m2/repository/org/aspectj/aspectjweaver/1.9.6/aspectjweaver-1.9.6.jar:/Users/gkovan@us.ibm.com/.m2/repository/io/opentracing/contrib/opentracing-concurrent/0.4.0/opentracing-concurrent-0.4.0.jar:/Users/gkovan@us.ibm.com/.m2/repository/io/opentracing/contrib/opentracing-spring-web-starter/3.0.1/opentracing-spring-web-starter-3.0.1.jar:/Users/gkovan@us.ibm.com/.m2/repository/io/opentracing/contrib/opentracing-spring-web/3.0.1/opentracing-spring-web-3.0.1.jar:/Users/gkovan@us.ibm.com/.m2/repository/io/opentracing/contrib/opentracing-web-servlet-filter/0.4.0/opentracing-web-servlet-filter-0.4.0.jar:/Users/gkovan@us.ibm.com/.m2/repository/io/opentracing/contrib/opentracing-tracerresolver/0.1.8/opentracing-tracerresolver-0.1.8.jar:/Users/gkovan@us.ibm.com/.m2/repository/io/opentracing/contrib/opentracing-spring-messaging-starter/1.0.0/opentracing-spring-messaging-starter-1.0.0.jar:/Users/gkovan@us.ibm.com/.m2/repository/io/opentracing/contrib/opentracing-spring-messaging/1.0.0/opentracing-spring-messaging-1.0.0.jar:/Users/gkovan@us.ibm.com/.m2/repository/io/opentracing/contrib/opentracing-spring-rabbitmq-starter/3.0.0/opentracing-spring-rabbitmq-starter-3.0.0.jar:/Users/gkovan@us.ibm.com/.m2/repository/io/opentracing/contrib/opentracing-spring-rabbitmq/3.0.0/opentracing-spring-rabbitmq-3.0.0.jar:/Users/gkovan@us.ibm.com/.m2/repository/io/opentracing/contrib/opentracing-spring-cloud-jdbc-starter/0.5.4/opentracing-spring-cloud-jdbc-starter-0.5.4.jar:/Users/gkovan@us.ibm.com/.m2/repository/io/opentracing/contrib/opentracing-jdbc/0.2.8/opentracing-jdbc-0.2.8.jar:/Users/gkovan@us.ibm.com/.m2/repository/io/opentracing/contrib/common/0.1.4/common-0.1.4.jar:/Users/gkovan@us.ibm.com/.m2/repository/io/opentracing/contrib/opentracing-spring-cloud-jms-starter/0.5.4/opentracing-spring-cloud-jms-starter-0.5.4.jar:/Users/gkovan@us.ibm.com/.m2/repository/io/opentracing/contrib/opentracing-jms-spring/0.1.7/opentracing-jms-spring-0.1.7.jar:/Users/gkovan@us.ibm.com/.m2/repository/io/opentracing/contrib/opentracing-jms-2/0.1.7/opentracing-jms-2-0.1.7.jar:/Users/gkovan@us.ibm.com/.m2/repository/io/opentracing/contrib/opentracing-jms-common/0.1.7/opentracing-jms-common-0.1.7.jar:/Users/gkovan@us.ibm.com/.m2/repository/io/opentracing/contrib/opentracing-spring-cloud-kafka-starter/0.5.4/opentracing-spring-cloud-kafka-starter-0.5.4.jar:/Users/gkovan@us.ibm.com/.m2/repository/io/opentracing/contrib/opentracing-kafka-spring/0.1.12/opentracing-kafka-spring-0.1.12.jar:/Users/gkovan@us.ibm.com/.m2/repository/io/opentracing/contrib/opentracing-kafka-client/0.1.12/opentracing-kafka-client-0.1.12.jar:/Users/gkovan@us.ibm.com/.m2/repository/io/opentracing/contrib/opentracing-spring-cloud-feign-starter/0.5.4/opentracing-spring-cloud-feign-starter-0.5.4.jar:/Users/gkovan@us.ibm.com/.m2/repository/io/github/openfeign/opentracing/feign-opentracing/0.4.0/feign-opentracing-0.4.0.jar:/Users/gkovan@us.ibm.com/.m2/repository/io/github/openfeign/opentracing/feign-hystrix-opentracing/0.4.0/feign-hystrix-opentracing-0.4.0.jar:/Users/gkovan@us.ibm.com/.m2/repository/io/opentracing/contrib/opentracing-spring-cloud-hystrix-starter/0.5.4/opentracing-spring-cloud-hystrix-starter-0.5.4.jar:/Users/gkovan@us.ibm.com/.m2/repository/io/opentracing/contrib/opentracing-spring-cloud-reactor-starter/0.5.4/opentracing-spring-cloud-reactor-starter-0.5.4.jar:/Users/gkovan@us.ibm.com/.m2/repository/io/opentracing/contrib/opentracing-reactor/0.1.2/opentracing-reactor-0.1.2.jar:/Users/gkovan@us.ibm.com/.m2/repository/io/opentracing/contrib/opentracing-spring-cloud-rxjava-starter/0.5.4/opentracing-spring-cloud-rxjava-starter-0.5.4.jar:/Users/gkovan@us.ibm.com/.m2/repository/io/opentracing/contrib/opentracing-rxjava-1/0.1.3/opentracing-rxjava-1-0.1.3.jar:/Users/gkovan@us.ibm.com/.m2/repository/io/opentracing/contrib/opentracing-spring-cloud-redis-starter/0.5.4/opentracing-spring-cloud-redis-starter-0.5.4.jar:/Users/gkovan@us.ibm.com/.m2/repository/io/opentracing/contrib/opentracing-redis-spring-data2/0.1.14/opentracing-redis-spring-data2-0.1.14.jar:/Users/gkovan@us.ibm.com/.m2/repository/io/opentracing/contrib/opentracing-redis-common/0.1.14/opentracing-redis-common-0.1.14.jar:/Users/gkovan@us.ibm.com/.m2/repository/io/opentracing/contrib/opentracing-spring-cloud-mongo-starter/0.5.4/opentracing-spring-cloud-mongo-starter-0.5.4.jar:/Users/gkovan@us.ibm.com/.m2/repository/io/opentracing/contrib/opentracing-mongo-driver/0.1.5/opentracing-mongo-driver-0.1.5.jar:/Users/gkovan@us.ibm.com/.m2/repository/io/opentracing/contrib/opentracing-mongo-common/0.1.5/opentracing-mongo-common-0.1.5.jar:/Users/gkovan@us.ibm.com/.m2/repository/io/opentracing/contrib/opentracing-spring-cloud-websocket-starter/0.5.4/opentracing-spring-cloud-websocket-starter-0.5.4.jar:/Users/gkovan@us.ibm.com/.m2/repository/io/opentracing/contrib/opentracing-spring-cloud-zuul-starter/0.5.4/opentracing-spring-cloud-zuul-starter-0.5.4.jar:/Users/gkovan@us.ibm.com/.m2/repository/io/opentracing/contrib/opentracing-spring-cloud-gateway-starter/0.5.4/opentracing-spring-cloud-gateway-starter-0.5.4.jar:/Users/gkovan@us.ibm.com/.m2/repository/io/jaegertracing/jaeger-client/1.2.0/jaeger-client-1.2.0.jar:/Users/gkovan@us.ibm.com/.m2/repository/io/jaegertracing/jaeger-thrift/1.2.0/jaeger-thrift-1.2.0.jar:/Users/gkovan@us.ibm.com/.m2/repository/org/apache/thrift/libthrift/0.13.0/libthrift-0.13.0.jar:/Users/gkovan@us.ibm.com/.m2/repository/javax/annotation/javax.annotation-api/1.3.2/javax.annotation-api-1.3.2.jar:/Users/gkovan@us.ibm.com/.m2/repository/com/squareup/okhttp3/okhttp/3.14.9/okhttp-3.14.9.jar:/Users/gkovan@us.ibm.com/.m2/repository/com/squareup/okio/okio/1.17.2/okio-1.17.2.jar:/Users/gkovan@us.ibm.com/.m2/repository/io/jaegertracing/jaeger-core/1.2.0/jaeger-core-1.2.0.jar:/Users/gkovan@us.ibm.com/.m2/repository/io/opentracing/opentracing-util/0.33.0/opentracing-util-0.33.0.jar:/Users/gkovan@us.ibm.com/.m2/repository/com/google/code/gson/gson/2.8.6/gson-2.8.6.jar:/Users/gkovan@us.ibm.com/.m2/repository/io/jaegertracing/jaeger-tracerresolver/1.2.0/jaeger-tracerresolver-1.2.0.jar:/Users/gkovan@us.ibm.com/.m2/repository/org/springframework/boot/spring-boot-devtools/2.4.4/spring-boot-devtools-2.4.4.jar:/Users/gkovan@us.ibm.com/.m2/repository/org/springframework/boot/spring-boot-starter-test/2.4.4/spring-boot-starter-test-2.4.4.jar:/Users/gkovan@us.ibm.com/.m2/repository/org/springframework/boot/spring-boot-test/2.4.4/spring-boot-test-2.4.4.jar:/Users/gkovan@us.ibm.com/.m2/repository/org/springframework/boot/spring-boot-test-autoconfigure/2.4.4/spring-boot-test-autoconfigure-2.4.4.jar:/Users/gkovan@us.ibm.com/.m2/repository/com/jayway/jsonpath/json-path/2.4.0/json-path-2.4.0.jar:/Users/gkovan@us.ibm.com/.m2/repository/net/minidev/json-smart/2.3/json-smart-2.3.jar:/Users/gkovan@us.ibm.com/.m2/repository/net/minidev/accessors-smart/1.2/accessors-smart-1.2.jar:/Users/gkovan@us.ibm.com/.m2/repository/org/ow2/asm/asm/5.0.4/asm-5.0.4.jar:/Users/gkovan@us.ibm.com/.m2/repository/jakarta/xml/bind/jakarta.xml.bind-api/2.3.3/jakarta.xml.bind-api-2.3.3.jar:/Users/gkovan@us.ibm.com/.m2/repository/jakarta/activation/jakarta.activation-api/1.2.2/jakarta.activation-api-1.2.2.jar:/Users/gkovan@us.ibm.com/.m2/repository/org/assertj/assertj-core/3.18.1/assertj-core-3.18.1.jar:/Users/gkovan@us.ibm.com/.m2/repository/org/hamcrest/hamcrest/2.2/hamcrest-2.2.jar:/Users/gkovan@us.ibm.com/.m2/repository/org/junit/jupiter/junit-jupiter/5.7.1/junit-jupiter-5.7.1.jar:/Users/gkovan@us.ibm.com/.m2/repository/org/junit/jupiter/junit-jupiter-api/5.7.1/junit-jupiter-api-5.7.1.jar:/Users/gkovan@us.ibm.com/.m2/repository/org/apiguardian/apiguardian-api/1.1.0/apiguardian-api-1.1.0.jar:/Users/gkovan@us.ibm.com/.m2/repository/org/opentest4j/opentest4j/1.2.0/opentest4j-1.2.0.jar:/Users/gkovan@us.ibm.com/.m2/repository/org/junit/platform/junit-platform-commons/1.7.1/junit-platform-commons-1.7.1.jar:/Users/gkovan@us.ibm.com/.m2/repository/org/junit/jupiter/junit-jupiter-params/5.7.1/junit-jupiter-params-5.7.1.jar:/Users/gkovan@us.ibm.com/.m2/repository/org/junit/jupiter/junit-jupiter-engine/5.7.1/junit-jupiter-engine-5.7.1.jar:/Users/gkovan@us.ibm.com/.m2/repository/org/junit/platform/junit-platform-engine/1.7.1/junit-platform-engine-1.7.1.jar:/Users/gkovan@us.ibm.com/.m2/repository/org/mockito/mockito-core/3.6.28/mockito-core-3.6.28.jar:/Users/gkovan@us.ibm.com/.m2/repository/net/bytebuddy/byte-buddy/1.10.22/byte-buddy-1.10.22.jar:/Users/gkovan@us.ibm.com/.m2/repository/net/bytebuddy/byte-buddy-agent/1.10.22/byte-buddy-agent-1.10.22.jar:/Users/gkovan@us.ibm.com/.m2/repository/org/objenesis/objenesis/3.1/objenesis-3.1.jar:/Users/gkovan@us.ibm.com/.m2/repository/org/mockito/mockito-junit-jupiter/3.6.28/mockito-junit-jupiter-3.6.28.jar:/Users/gkovan@us.ibm.com/.m2/repository/org/skyscreamer/jsonassert/1.5.0/jsonassert-1.5.0.jar:/Users/gkovan@us.ibm.com/.m2/repository/com/vaadin/external/google/android-json/0.0.20131108.vaadin1/android-json-0.0.20131108.vaadin1.jar:/Users/gkovan@us.ibm.com/.m2/repository/org/springframework/spring-test/5.3.5/spring-test-5.3.5.jar:/Users/gkovan@us.ibm.com/.m2/repository/org/xmlunit/xmlunit-core/2.7.0/xmlunit-core-2.7.0.jar:/Users/gkovan@us.ibm.com/.m2/repository/org/powermock/powermock-api-mockito2/2.0.2/powermock-api-mockito2-2.0.2.jar:/Users/gkovan@us.ibm.com/.m2/repository/org/powermock/powermock-api-support/2.0.2/powermock-api-support-2.0.2.jar:/Users/gkovan@us.ibm.com/.m2/repository/org/powermock/powermock-reflect/2.0.2/powermock-reflect-2.0.2.jar:/Users/gkovan@us.ibm.com/.m2/repository/org/powermock/powermock-core/2.0.2/powermock-core-2.0.2.jar:/Users/gkovan@us.ibm.com/.m2/repository/org/javassist/javassist/3.24.0-GA/javassist-3.24.0-GA.jar:"/>
    <property name="sun.cpu.endian" value="little"/>
    <property name="user.home" value="/Users/gkovan@us.ibm.com"/>
    <property name="user.language" value="en"/>
    <property name="java.specification.vendor" value="Oracle Corporation"/>
    <property name="java.version.date" value="2020-01-14"/>
    <property name="java.home" value="/Library/Java/JavaVirtualMachines/openjdk-13.0.2.jdk/Contents/Home"/>
    <property name="file.separator" value="/"/>
    <property name="basedir" value="/Users/gkovan@us.ibm.com/Documents/GitHub/prod-ref-deployment/cloud-native-toolkit-gitorg/mq-spring-app"/>
    <property name="java.vm.compressedOopsMode" value="Zero based"/>
    <property name="line.separator" value="&#10;"/>
    <property name="java.vm.specification.vendor" value="Oracle Corporation"/>
    <property name="java.specification.name" value="Java Platform API Specification"/>
    <property name="surefire.real.class.path" value="/Users/gkovan@us.ibm.com/Documents/GitHub/prod-ref-deployment/cloud-native-toolkit-gitorg/mq-spring-app/target/surefire/surefirebooter1805210645258131176.jar"/>
    <property name="sun.management.compiler" value="HotSpot 64-Bit Tiered Compilers"/>
    <property name="java.runtime.version" value="13.0.2+8"/>
    <property name="user.name" value="gkovan@us.ibm.com"/>
    <property name="path.separator" value=":"/>
    <property name="os.version" value="10.15.7"/>
    <property name="java.runtime.name" value="OpenJDK Runtime Environment"/>
    <property name="file.encoding" value="UTF-8"/>
    <property name="java.vm.name" value="OpenJDK 64-Bit Server VM"/>
    <property name="localRepository" value="/Users/gkovan@us.ibm.com/.m2/repository"/>
    <property name="java.vendor.url.bug" value="https://bugreport.java.com/bugreport/"/>
    <property name="java.io.tmpdir" value="/var/folders/md/yh2jx1t52rs30gvfy154db080000gn/T/"/>
    <property name="java.version" value="13.0.2"/>
    <property name="user.dir" value="/Users/gkovan@us.ibm.com/Documents/GitHub/prod-ref-deployment/cloud-native-toolkit-gitorg/mq-spring-app"/>
    <property name="os.arch" value="x86_64"/>
    <property name="java.vm.specification.name" value="Java Virtual Machine Specification"/>
    <property name="java.library.path" value="/Users/gkovan@us.ibm.com/Library/Java/Extensions:/Library/Java/Extensions:/Network/Library/Java/Extensions:/System/Library/Java/Extensions:/usr/lib/java:."/>
    <property name="java.vm.info" value="mixed mode, sharing"/>
    <property name="java.vendor" value="Oracle Corporation"/>
    <property name="java.vm.version" value="13.0.2+8"/>
    <property name="sun.io.unicode.encoding" value="UnicodeBig"/>
    <property name="java.class.version" value="57.0"/>
  </properties>
  <testcase name="thenReturnHttpHeadersPopulatedWithHeaders" classname="com.ibm.cloud_garage.logging.inbound.ClientHttpResponseWrapperTest$GivenGetHeaders$WhenHeaderNamesHasValues" time="0.159"/>
  <testcase name="thenReturnEmptyHttpHeaders" classname="com.ibm.cloud_garage.logging.inbound.ClientHttpResponseWrapperTest$GivenGetHeaders$WhenHeaderNamesEmpty" time="0.001"/>
  <testcase name="thenReturnByteArrayOutputStream" classname="com.ibm.cloud_garage.logging.inbound.ClientHttpResponseWrapperTest$GivenGetBody$WhenCalled" time="0.002"/>
  <testcase name="thenThrowUnsupportedOperationException" classname="com.ibm.cloud_garage.logging.inbound.ClientHttpResponseWrapperTest$GivenClose$WhenCalled" time="0.004"/>
  <testcase name="thenReturnGetStatusCodeGetReasonPhrase" classname="com.ibm.cloud_garage.logging.inbound.ClientHttpResponseWrapperTest$GivenGetStatusText$WhenCalled" time="0.002"/>
  <testcase name="thenReturnResponseGetStatus" classname="com.ibm.cloud_garage.logging.inbound.ClientHttpResponseWrapperTest$GivenGetRawStatusCode$WhenCalled" time="0.002"/>
  <testcase name="thenReturnResponseGetStatus" classname="com.ibm.cloud_garage.logging.inbound.ClientHttpResponseWrapperTest$GivenGetStatusCode$WhenCalled" time="0.001"/>
</testsuite>